<?xml version="1.0" encoding="UTF-8"?>
<testsuite xmlns:xsi="http://www.w3.org/2001/XMLSchema-instance" xsi:noNamespaceSchemaLocation="https://maven.apache.org/surefire/maven-surefire-plugin/xsd/surefire-test-report.xsd" name="cucmber.Options.TestRunner" time="14.381" tests="6" errors="0" skipped="0" failures="0">
  <properties>
[...]
</properties>
  <testcase name="Delete place payload" classname="validate Delete API work fine" time="0.008"/>
  <testcase name="user call &quot;DeletePlaceAPI&quot; with &quot;POST&quot; http request" classname="validate Delete API work fine" time="0.117"/>
  <testcase name="the API call got success with status code 200" classname="validate Delete API work fine" time="0"/>
  <testcase name="the API call got success with status code 200" classname="validate Delete API work fine" time="0"/>
  <testcase name="&quot;status&quot; in response body is &quot;OK&quot;" classname="validate Delete API work fine" time="0.032"/>
  <testcase name="validate Delete API work fine" classname="validate Delete API work fine" time="0.032"/>
</testsuite>